<?xml version="1.0" encoding="UTF-8"?>
<!-- Generated by org.testng.reporters.JUnitReportReporter -->
<testsuite hostname="BADAHA" failures="0" tests="9" name="Test_Classes.LoginPage_Test" time="147.545" errors="0" timestamp="2025-09-21T16:46:07 EEST" skipped="0">
  <testcase classname="Test_Classes.LoginPage_Test" name="upload_Pic" time="14.861"/>
  <testcase classname="Test_Classes.LoginPage_Test" name="update_Pic" time="22.924"/>
  <testcase classname="Test_Classes.LoginPage_Test" name="add_Pic_frame" time="11.538"/>
  <testcase classname="Test_Classes.LoginPage_Test" name="remove_Pic_frame" time="8.433"/>
  <testcase classname="Test_Classes.LoginPage_Test" name="Change_Pic_Privacy" time="6.345"/>
  <testcase classname="Test_Classes.LoginPage_Test" name="delete_Profile_Pictrue" time="7.195"/>
  <testcase classname="Test_Classes.LoginPage_Test" name="Add_Experiance" time="46.444"/>
  <testcase classname="Test_Classes.LoginPage_Test" name="Delete_Experiance" time="16.340"/>
  <testcase classname="Test_Classes.LoginPage_Test" name="LogOut" time="13.465"/>
</testsuite> <!-- Test_Classes.LoginPage_Test -->
