<?xml version="1.0" encoding="UTF-8"?>
<!-- Generated by org.testng.reporters.JUnitReportReporter -->
<testsuite hostname="Haya" failures="0" tests="1" name="Pages.SendConnection" time="22.261" errors="0" timestamp="2025-09-21T15:39:16 EEST" skipped="0">
  <testcase classname="Pages.SendConnection" name="sendConnections" time="22.261"/>
</testsuite> <!-- Pages.SendConnection -->
