<?xml version="1.0" encoding="UTF-8"?>
<!-- Generated by org.testng.reporters.JUnitReportReporter -->
<testsuite hostname="Haya" failures="0" tests="1" name="Pages.SearchClass" time="12.448" errors="0" timestamp="2025-09-21T15:37:48 EEST" skipped="0">
  <testcase classname="Pages.SearchClass" name="searchLinkedIn" time="12.448"/>
</testsuite> <!-- Pages.SearchClass -->
