<?xml version="1.0" encoding="UTF-8"?>
<!-- Generated by org.testng.reporters.JUnitReportReporter -->
<testsuite hostname="DESKTOP-3TB14MB" failures="0" tests="11" name="Test_Classes.MessagingTests" time="135.444" errors="0" timestamp="2025-09-20T15:47:36 IDT" skipped="0">
  <testcase classname="Test_Classes.MessagingTests" name="TC_3_12_1_openMessagesAndViewAllConversations" time="6.105"/>
  <testcase classname="Test_Classes.MessagingTests" name="TC_3_12_2_openJobsMessagesTab" time="4.849"/>
  <testcase classname="Test_Classes.MessagingTests" name="TC_3_12_3_openUnreadMessagesTab" time="2.784"/>
  <testcase classname="Test_Classes.MessagingTests" name="TC_3_12_4_openDraftMessagesTab" time="2.756"/>
  <testcase classname="Test_Classes.MessagingTests" name="TC_3_12_5_openInMailMessagesTab" time="3.050"/>
  <testcase classname="Test_Classes.MessagingTests" name="TC_3_13_1_lableConversationAsStar" time="9.043"/>
  <testcase classname="Test_Classes.MessagingTests" name="TC_3_13_1_startNewConversationAndSendMessage" time="24.197"/>
  <testcase classname="Test_Classes.MessagingTests" name="TC_3_13_3_searchConversationByUsername" time="19.109"/>
  <testcase classname="Test_Classes.MessagingTests" name="TC_3_13_3_searchConversationText" time="17.813"/>
  <testcase classname="Test_Classes.MessagingTests" name="TC_3_13_4_cannotMessageNonConnection" time="12.772"/>
  <testcase classname="Test_Classes.MessagingTests" name="TC_3_13_1_movedConversation" time="32.966"/>
</testsuite> <!-- Test_Classes.MessagingTests -->
