<?xml version="1.0" encoding="UTF-8"?>
<!-- Generated by org.testng.reporters.JUnitReportReporter -->
<testsuite hostname="Haya" failures="0" tests="1" name="Pages.AcceptAndDeclineConnections" time="14.835" errors="0" timestamp="2025-09-21T15:38:29 EEST" skipped="0">
  <testcase classname="Pages.AcceptAndDeclineConnections" name="acceptConnection" time="14.835"/>
</testsuite> <!-- Pages.AcceptAndDeclineConnections -->
